09/03/2011 17:01:46 - Game Master[2000002]: @item jelopy
09/03/2011 17:01:49 - Game Master[2000002]: @item
09/03/2011 17:01:58 - Game Master[2000002]: @jobchange Sniper
09/03/2011 17:03:23 - Game Master[2000002]: @jobchange 4012
09/03/2011 17:04:05 - Game Master[2000002]: @job
09/03/2011 17:04:51 - Game Master[2000002]: @joblvl 70
09/03/2011 17:04:58 - Game Master[2000002]: @baselvl 99
09/03/2011 17:05:45 - Game Master[2000002]: @joblvl 70
09/03/2011 17:06:33 - Game Master[2000002]: @allskill
09/03/2011 17:07:46 - Game Master[2000002]: @item Chapéu_de_ulle
09/03/2011 17:07:55 - Game Master[2000002]: @item carta Gato_de_folha
09/03/2011 17:08:01 - Game Master[2000002]: @item carta Gato_de_Folha
09/03/2011 17:08:15 - Game Master[2000002]: @item Luvas
09/03/2011 17:08:24 - Game Master[2000002]: @item Luvas_de_Orleans
09/03/2011 17:08:25 - Game Master[2000002]: @item Luvas_de_Orleans
09/03/2011 17:08:32 - Game Master[2000002]: @item Carta_Zerom 2
09/03/2011 17:09:09 - Game Master[2000002]: @item 4195
09/03/2011 17:09:41 - Game Master[2000002]: @item 2528
09/03/2011 17:09:44 - Game Master[2000002]: @item 2424
09/03/2011 17:09:52 - Game Master[2000002]: @item Carta_Roween
09/03/2011 17:09:57 - Game Master[2000002]: @item Carta_Sohee
09/03/2011 17:10:19 - Game Master[2000002]: @item Biônico
09/03/2011 17:10:26 - Game Master[2000002]: @item Olhos_Biônicos
09/03/2011 17:11:28 - Game Master[2000002]: @item Mascara_do_fugutivo
09/03/2011 17:11:32 - Game Master[2000002]: @item Mascara_do_fugitivo
09/03/2011 17:11:58 - Game Master[2000002]: @item 5361
09/03/2011 17:12:15 - Game Master[2000002]: @item 2553
09/03/2011 17:12:21 - Game Master[2000002]: @item 2353
09/03/2011 17:12:30 - Game Master[2000002]: @item Carta_Cavalo_Marinho
09/03/2011 17:12:42 - Game Master[2000002]: @item 4105
09/03/2011 17:12:59 - Game Master[2000002]: @item 1705
09/03/2011 17:13:08 - Game Master[2000002]: @item Carta_poring_noel 2
09/03/2011 17:13:13 - Game Master[2000002]: @item Carta_Flora
09/03/2011 17:13:29 - Game Master[2000002]: @refine
09/03/2011 17:13:35 - Game Master[2000002]: @refine 2
09/03/2011 17:13:38 - Game Master[2000002]: @refine 2 +10
09/03/2011 17:13:51 - Game Master[2000002]: @item Carta_Flora
09/03/2011 17:15:32 - Game Master[2000002]: @skpoint +100
09/03/2011 17:15:37 - Game Master[2000002]: @skpoint -100
09/03/2011 17:15:59 - Game Master[2000002]: @stpoint +100
09/03/2011 17:23:28 - Game Master[2000002]: @reloadscript
09/03/2011 17:24:32 - Game Master[2000002]: @warp prontera 158 183
09/03/2011 17:30:47 - Game Master[2000002]: @reloadscript
09/03/2011 17:31:25 - Game Master[2000002]: @reloadscript
09/03/2011 17:31:45 - Game Master[2000002]: @reloadscript 
09/03/2011 17:39:46 - Game Master[2000002]: @reloadscript 
09/03/2011 17:40:33 - Game Master[2000002]: @reloadatcommand
09/03/2011 17:40:49 - Game Master[2000002]: @reloadscript 
09/03/2011 17:41:54 - Game Master[2000002]: @reloadscript 
09/03/2011 17:42:03 - Game Master[2000002]: @reloadatcommand
09/03/2011 17:42:15 - Game Master[2000002]: @reloadscript 
09/03/2011 17:42:52 - Game Master[2000002]: @reloadscript 
09/03/2011 17:43:49 - Game Master[2000002]: @reloadatcommand
09/03/2011 17:44:03 - Game Master[2000002]: @reloadscript 
09/03/2011 17:47:38 - Game Master[2000002]: @reloadscript
09/03/2011 17:47:48 - Game Master[2000002]: @reloadscript
09/03/2011 17:48:13 - Game Master[2000002]: @zeny 100000
09/03/2011 17:49:35 - Game Master[2000002]: @reloadatcommand
09/03/2011 17:49:50 - Game Master[2000002]: @reloadscript
09/03/2011 17:50:27 - Game Master[2000002]: @reloadatcommand
09/03/2011 17:50:40 - Game Master[2000002]: @reloadscript
09/03/2011 17:51:13 - Game Master[2000002]: @warp prontera 130 196
09/03/2011 17:51:41 - Game Master[2000002]: @reloadatcommand
09/03/2011 17:51:53 - Game Master[2000002]: @reloadscript
09/03/2011 17:52:49 - Game Master[2000002]: @warp new_1-1 96 120
09/03/2011 17:53:11 - Game Master[2000002]: @warp bra_dun02
09/03/2011 17:53:55 - Game Master[2000002]: @warp new_1-1 56 120
09/03/2011 17:58:09 - Game Master[2000002]: @reloadmotd
09/03/2011 17:58:39 - Game Master[2000002]: @reloadscript
09/03/2011 17:59:07 - Game Master[2000002]: @reloaditemdb
09/03/2011 17:59:24 - Game Master[2000002]: @mapflag
09/03/2011 17:59:48 - Game Master[2000002]: @reloadstatusdb
09/03/2011 17:59:55 - Game Master[2000002]: @reloadpcdb
09/03/2011 18:00:24 - Game Master[2000002]: @reloadbattleconf
09/03/2011 18:01:16 - Game Master[2000002]: @item Carta_Draniliar
09/03/2011 18:01:45 - Game Master[2000002]: @item Carta_Flora 2
09/03/2011 18:02:26 - Game Master[2000002]: @item 4069 2
09/03/2011 18:02:41 - Game Master[2000002]: @refine
09/03/2011 18:02:46 - Game Master[2000002]: @refine 2 +10
09/03/2011 18:03:27 - Game Master[2000002]: @reloadscript
09/03/2011 18:03:32 - Game Master[2000002]: @alive
09/03/2011 18:04:34 - Game Master[2000002]: @reloadscript
09/03/2011 18:04:34 - Game Master[2000002]: @alive
09/03/2011 18:04:48 - Game Master[2000002]: @heal
09/03/2011 18:04:51 - Game Master[2000002]: @heal 0
09/03/2011 18:04:54 - Game Master[2000002]: @heal -100
09/03/2011 18:05:03 - Game Master[2000002]: @alive
09/03/2011 18:05:27 - Game Master[2000002]: @warp bra_dun02
09/03/2011 18:08:47 - Game Master[2000002]: @reloadbattleconf
09/03/2011 18:11:19 - Game Master[2000002]: @warp bra_dun02
09/03/2011 18:11:43 - Game Master[2000002]: @warp new_1-1 59 17
09/03/2011 18:11:53 - Game Master[2000002]: @warp new_1-1 59 127
09/03/2011 18:12:11 - Game Master[2000002]: @warp new_1-1 58 106
09/03/2011 18:15:11 - Game Master[2000002]: @baselvl 1
09/03/2011 18:15:17 - Game Master[2000002]: @baselvl -98
09/03/2011 18:16:07 - Game Master[2000002]: @baselvl 99
09/03/2011 18:18:33 - Game Master[2000002]: @warp bra_dun02
09/03/2011 18:18:34 - Game Master[2000002]: @warp bra_dun02
09/03/2011 18:20:25 - Game Master[2000002]: @warp new_1-1 58 106
09/03/2011 18:21:10 - Game Master[2000002]: @warp bra_dun02 204 210
09/03/2011 18:22:21 - Game Master[2000002]: @warp bra_dun02
09/03/2011 18:23:21 - Game Master[2000002]: @warp bra_dun02
09/03/2011 18:23:30 - Game Master[2000002]: @warp bra_dun02 204 210
09/03/2011 18:24:54 - Game Master[2000002]: @warp new_1-1 58 106
09/03/2011 18:25:10 - Game Master[2000002]: @warp bra_dun02
09/03/2011 18:25:12 - Game Master[2000002]: @warp bra_dun02
09/03/2011 18:25:13 - Game Master[2000002]: @warp bra_dun02
09/03/2011 18:25:14 - Game Master[2000002]: @warp bra_dun02
09/03/2011 18:25:15 - Game Master[2000002]: @warp bra_dun02
09/03/2011 18:25:16 - Game Master[2000002]: @warp bra_dun02
09/03/2011 18:25:17 - Game Master[2000002]: @warp bra_dun02
09/03/2011 18:25:18 - Game Master[2000002]: @warp bra_dun02
09/03/2011 18:28:50 - Game Master[2000002]: @warp bra_dun02
09/03/2011 18:28:56 - Game Master[2000002]: @warp bra_dun02
09/03/2011 18:29:03 - Game Master[2000002]: @warp bra_dun02
09/03/2011 18:33:23 - Game Master[2000002]: @warp bra_dun02
09/03/2011 18:43:48 - Game Master[2000002]: @warp new_1-1 58 106
09/03/2011 18:44:07 - Game Master[2000002]: @baselvl -99
09/03/2011 18:44:18 - Game Master[2000002]: @baselvl +98
09/03/2011 18:47:20 - Game Master[2000002]: @baselvl -99
09/03/2011 18:47:25 - Game Master[2000002]: @baselvl +98
09/03/2011 18:47:50 - Game Master[2000002]: @dex 94+
09/03/2011 18:47:56 - Game Master[2000002]: @baselvl -99
09/03/2011 18:48:00 - Game Master[2000002]: @baselvl +98
09/03/2011 18:48:09 - Game Master[2000002]: @baselvl -99
09/03/2011 18:48:24 - Game Master[2000002]: @stpoint -99
09/03/2011 18:48:29 - Game Master[2000002]: @baselvl 1
09/03/2011 18:48:42 - Game Master[2000002]: @dex 99-
09/03/2011 18:48:45 - Game Master[2000002]: @dex 99-
09/03/2011 18:48:50 - Game Master[2000002]: @dex 1
09/03/2011 18:48:53 - Game Master[2000002]: @dex -1
09/03/2011 18:48:57 - Game Master[2000002]: @dex -297
09/03/2011 18:49:05 - Game Master[2000002]: @stpoint +97
09/03/2011 18:49:17 - Game Master[2000002]: @baselvl -2
09/03/2011 18:49:25 - Game Master[2000002]: @stpoint +3
09/03/2011 18:49:29 - Game Master[2000002]: @baselvl 99
09/03/2011 18:49:41 - Game Master[2000002]: @dex 93+
09/03/2011 18:49:47 - Game Master[2000002]: @agi 89+
09/03/2011 18:49:55 - Game Master[2000002]: @dex -93
09/03/2011 18:50:04 - Game Master[2000002]: @agi -900
09/03/2011 18:52:05 - Game Master[2000002]: @baselvl -99
09/03/2011 18:52:10 - Game Master[2000002]: @baselvl +98
09/03/2011 18:54:43 - Game Master[2000002]: @warp bra_dun02
09/03/2011 19:00:33 - Game Master[2000002]: @warp new_1-1 58 106
09/03/2011 19:05:02 - Master[2000002]: @item 7431
09/03/2011 19:05:28 - Master[2000002]: @job Mestre_Ferreiro
09/03/2011 19:05:41 - Master[2000002]: @job 4016
09/03/2011 19:05:47 - Master[2000002]: @job 4011
09/03/2011 19:05:56 - Master[2000002]: @job Mercador
09/03/2011 19:12:47 - Master[2000002]: @reloadscript
09/03/2011 19:13:54 - Master[2000002]: @warp gef_fild07
09/03/2011 19:35:53 - Master[2000002]: @reloadbattleconf
09/03/2011 19:37:26 - Master[2000002]: @warp new_1-1 58 106
09/03/2011 19:40:23 - Master[2000002]: @reloadbattleconf
09/03/2011 19:45:17 - Master[2000002]: @reloadbattleconf
09/03/2011 19:46:08 - Master[2000002]: @reloadbattleconf
09/03/2011 19:54:48 - Master[2000002]: @reloadbattleconf
09/03/2011 19:55:54 - Game Master[2000002]: @reloadbattleconf
09/03/2011 19:56:03 - Game Master[2000002]: @warp bra_dun02
09/03/2011 19:58:37 - Game Master[2000002]: @reloadbattleconf
09/03/2011 19:59:01 - Game Master[2000002]: @mapflag
09/03/2011 19:59:38 - Game Master[2000002]: @warp new_1-1 58 106
09/03/2011 20:06:52 - Game Master[2000002]: @reloadmobdb
09/03/2011 20:06:56 - Game Master[2000002]: @warp bra_dun02
09/03/2011 20:07:45 - Game Master[2000002]: @warp bra_dun02
09/03/2011 20:09:42 - Game Master[2000002]: @reloadmobdb
09/03/2011 20:10:25 - Game Master[2000002]: @warp bra_dun02
09/03/2011 20:10:37 - Game Master[2000002]: @warp new_1-1 58 106
09/03/2011 20:14:08 - Game Master[2000002]: @reloadmobdb
09/03/2011 20:14:34 - Game Master[2000002]: @warp bra_dun02
09/03/2011 20:14:53 - Game Master[2000002]: @warp new_1-1 58 106
09/03/2011 20:15:22 - Game Master[2000002]: @warp bra_dun02
09/03/2011 20:15:25 - Game Master[2000002]: @warp bra_dun02
09/03/2011 20:15:40 - Game Master[2000002]: @warp bra_dun02
09/03/2011 20:17:31 - Game Master[2000002]: @warp new_1-1 58 106
09/03/2011 20:17:44 - Game Master[2000002]: @warp bra_dun02
09/03/2011 20:21:11 - Game Master[2000002]: @reloadscript
09/03/2011 20:25:26 - Game Master[2000002]: @warp bra_dun02
09/03/2011 20:26:04 - Game Master[2000002]: @warp new_1-1 58 106
09/03/2011 20:26:21 - Game Master[2000002]: @reloadbattleconf
09/03/2011 20:26:45 - Game Master[2000002]: @warp bra_dun02
09/03/2011 20:27:13 - Game Master[2000002]: @warp bra_dun02
09/03/2011 20:27:17 - Game Master[2000002]: @reloadbattleconf
09/03/2011 20:28:19 - Game Master[2000002]: @reloadbattleconf
09/03/2011 20:33:31 - Game Master[2000002]: @reloadscript
09/03/2011 20:34:55 - Game Master[2000002]: @reloadscript
09/03/2011 20:38:41 - Game Master[2000002]: @reloadscript 
09/03/2011 20:40:21 - Game Master[2000002]: @reloadscript 
09/03/2011 21:58:34 - Douglas[2000003]: @lvup 99
09/03/2011 21:58:51 - Douglas[2000003]: @joblvup 70
09/03/2011 21:58:57 - Douglas[2000003]: @job 37
09/03/2011 21:59:28 - Douglas[2000003]: @job 4008
09/03/2011 22:04:05 - Douglas[2000003]: @item 2357 2
09/03/2011 22:04:49 - Game Master[2000002]: #die Douglas
09/03/2011 22:05:04 - Game Master[2000002]: #alive Douglas
09/03/2011 22:05:19 - Douglas[2000003]: @item 2364 2
09/03/2011 22:10:35 - Douglas[2000003]: @item 2523 2
09/03/2011 22:10:56 - Douglas[2000003]: @item 2524 2
09/03/2011 22:11:12 - Douglas[2000003]: @item 2528 2
09/03/2011 22:13:11 - Douglas[2000003]: @joblvup 70
09/03/2011 22:13:22 - Game Master[2000002]: @monster Iara
09/03/2011 22:15:19 - Douglas[2000003]: @item 2371 2
09/03/2011 22:17:14 - Douglas[2000003]: @item 2421 2
09/03/2011 22:17:33 - Douglas[2000003]: @item 2424 2
09/03/2011 22:19:38 - Douglas[2000003]: @item 2399 2
09/03/2011 22:20:03 - Game Master[2000002]: @monster Iara
09/03/2011 22:20:11 - Game Master[2000002]: @monster Iara
09/03/2011 22:20:27 - Game Master[2000002]: @monster Iara ]
09/03/2011 22:20:31 - Game Master[2000002]: @monster Iara 
09/03/2011 22:23:43 - Douglas[2000003]: @item 2523 2
09/03/2011 22:24:00 - Douglas[2000003]: @item 2553 2
09/03/2011 22:27:29 - Game Master[2000002]: @monster Iara 
09/03/2011 22:29:55 - Douglas[2000003]: @item 2787 2
09/03/2011 22:31:28 - Douglas[2000003]: @item 2115 2
09/03/2011 22:34:01 - Douglas[2000003]: @item 5184 2
09/03/2011 22:34:33 - Douglas[2000003]: @item 5388 2
09/03/2011 22:34:58 - Douglas[2000003]: @item 5325 2
09/03/2011 22:35:36 - Douglas[2000003]: @item 5361 2
09/03/2011 22:38:27 - Douglas[2000003]: @item 5123 2
09/03/2011 22:41:38 - Douglas[2000003]: @item 5377 2
09/03/2011 22:42:52 - Douglas[2000003]: @item 5383 2
09/03/2011 22:45:16 - Douglas[2000003]: @item 5827 2
09/03/2011 22:46:14 - Douglas[2000003]: @item 5506 2
09/03/2011 22:47:08 - Douglas[2000003]: @item 4069 2
09/03/2011 22:47:24 - Douglas[2000003]: @item 4089 2
09/03/2011 22:47:38 - Douglas[2000003]: @item 4095 2
09/03/2011 22:47:55 - Douglas[2000003]: @item 4105 2
09/03/2011 22:48:23 - Douglas[2000003]: @item 4195 2
09/03/2011 22:48:52 - Douglas[2000003]: @item 4422 2
09/03/2011 22:49:12 - Douglas[2000003]: @item 4423 2
09/03/2011 22:49:15 - Game Master[2000002]: @monster Iara 
09/03/2011 22:50:29 - Douglas[2000003]: @item 4443 2
09/03/2011 22:52:57 - Douglas[2000003]: @item 1108 2
09/03/2011 22:53:27 - Douglas[2000003]: @item 4112 2
09/03/2011 22:54:52 - Game Master[2000002]: @item 1733
09/03/2011 22:55:14 - Douglas[2000003]: @item 4080 2
09/03/2011 22:56:46 - Game Master[2000002]: @refine 2 +10
09/03/2011 22:56:56 - Game Master[2000002]: @item Carta_Drainliar
09/03/2011 22:57:29 - Game Master[2000002]: @monster Iara
09/03/2011 22:57:44 - Game Master[2000002]: @monster Iara
09/03/2011 23:01:19 - Master[2000002]: @job
09/03/2011 23:01:25 - Master[2000002]: @job 4011
09/03/2011 23:01:34 - Master[2000002]: @baselvl 99
09/03/2011 23:01:41 - Master[2000002]: @joblvl 70
09/03/2011 23:02:15 - Douglas[2000003]: @item 4160 2
09/03/2011 23:02:28 - Douglas[2000003]: @item 4097 2
09/03/2011 23:05:20 - Master[2000002]: @stpoint -99
09/03/2011 23:05:26 - Master[2000002]: @baselvl -99
09/03/2011 23:06:26 - Douglas[2000003]: @zeny 50000000
09/03/2011 23:11:48 - Douglas[2000003]: @dex 70
09/03/2011 23:11:58 - Douglas[2000003]: @dex 1
09/03/2011 23:19:25 - Douglas[2000003]: @streset
09/03/2011 23:21:49 - Master[2000002]: @monster Iara
09/03/2011 23:23:04 - Douglas[2000003]: @item 1117
09/03/2011 23:23:55 - Douglas[2000003]: @item 4069 2
09/03/2011 23:24:05 - Douglas[2000003]: @item 4080 2
09/03/2011 23:25:42 - Master[2000002]: @monster 2
09/03/2011 23:25:48 - Master[2000002]: @monster iara2
09/03/2011 23:25:50 - Master[2000002]: @monster iara 2
09/03/2011 23:25:53 - Master[2000002]: @alive
09/03/2011 23:26:30 - Master[2000002]: @baselvl 88
09/03/2011 23:26:32 - Master[2000002]: @baselvl 99
09/03/2011 23:28:09 - Master[2000002]: @monster poring 10
09/03/2011 23:29:43 - Master[2000002]: @allstat
09/03/2011 23:30:02 - Douglas[2000003]: @monster iara 1
09/03/2011 23:30:02 - Master[2000002]: @allstat -99
09/03/2011 23:30:08 - Master[2000002]: @baselvl 1
09/03/2011 23:30:10 - Master[2000002]: @baselvl -99
09/03/2011 23:30:15 - Master[2000002]: @baselvl 99
09/03/2011 23:30:29 - Master[2000002]: @monster 3
09/03/2011 23:30:32 - Master[2000002]: @monster iara 3
09/03/2011 23:30:39 - Master[2000002]: @alive
09/03/2011 23:33:38 - Douglas[2000003]: @monster 1115
09/03/2011 23:33:40 - Master[2000002]: @zeny 10000
09/03/2011 23:33:52 - Master[2000002]: @zeny 10000
09/03/2011 23:33:55 - Master[2000002]: @zeny 100000
09/03/2011 23:34:51 - Master[2000002]: @alive
09/03/2011 23:35:31 - Douglas[2000003]: @repairall
09/03/2011 23:36:01 - Master[2000002]: @skpoint +50
09/03/2011 23:36:32 - Master[2000002]: @skpoint -3
09/03/2011 23:40:00 - Master[2000002]: @warp new_1-1 58 106
09/03/2011 23:41:48 - Master[2000002]: @monster poring
09/03/2011 23:43:55 - Douglas[2000003]: @item 4140 4
09/03/2011 23:44:46 - Master[2000002]: @item 2787
09/03/2011 23:44:47 - Master[2000002]: @item 2787
09/03/2011 23:45:17 - Douglas[2000003]: @item 1117 1
09/03/2011 23:45:30 - Master[2000002]: @item 4423
09/03/2011 23:45:35 - Master[2000002]: @item 4423
09/03/2011 23:48:40 - Douglas[2000003]: @item 4057 1
09/03/2011 23:50:06 - Douglas[2000003]: @item 4060 1
09/03/2011 23:50:16 - Douglas[2000003]: @item 4125 1
09/03/2011 23:51:39 - Douglas[2000003]: @item 4125 1
09/03/2011 23:51:48 - Douglas[2000003]: @item 4060 1
09/03/2011 23:52:33 - Master[2000002]: @monster Atroce
09/03/2011 23:52:36 - Master[2000002]: @warp new_1-1 58 106
09/03/2011 23:52:52 - Master[2000002]: @warp new_1-1 58 106
09/03/2011 23:53:14 - Master[2000002]: @warp new_1-1 58 106
09/03/2011 23:56:34 - Master[2000002]: @zeny 100000
09/03/2011 23:56:37 - Master[2000002]: @zeny 1000000
09/03/2011 23:58:11 - Master[2000002]: @warp new_1-1 58 106
09/03/2011 23:58:16 - Master[2000002]: @warp new_1-1 58 106
09/03/2011 23:58:49 - Master[2000002]: @warp alberta
09/03/2011 23:58:57 - Master[2000002]: @warp bra_dun02
09/03/2011 23:59:00 - Master[2000002]: @warp new_1-1 58 106
09/03/2011 23:59:06 - Master[2000002]: @warp alberta
09/03/2011 23:59:40 - Douglas[2000003]: @item 1117
09/04/2011 00:00:18 - Master[2000002]: @item 1505
09/04/2011 00:00:32 - Master[2000002]: @item Carta_Globin 2
09/04/2011 00:00:42 - Douglas[2000003]: @item 4060
09/04/2011 00:00:52 - Master[2000002]: @item 4060
09/04/2011 00:00:53 - Master[2000002]: @item 4060
09/04/2011 00:02:10 - Master[2000002]: @item Carta_poring_noel 2
09/04/2011 00:02:27 - Master[2000002]: @refine 2 +10
09/04/2011 00:02:32 - Master[2000002]: @warp new_1-1 58 106
09/04/2011 00:02:59 - Master[2000002]: @warp new_1-1 58 106
09/04/2011 00:03:43 - Douglas x1[2000003]: @job
09/04/2011 00:03:57 - Douglas x1[2000003]: @job 4016
09/04/2011 00:04:07 - Douglas x1[2000003]: @lvup 99
09/04/2011 00:04:17 - Douglas x1[2000003]: @joblvup 70
09/04/2011 00:06:08 - Master[2000002]: @allskill
09/04/2011 00:07:03 - Master[2000002]: @warp new_1-1 58 106
09/04/2011 00:07:23 - Master[2000002]: @warp new_1-1 58 106
09/04/2011 00:09:57 - Master[2000002]: @skillid Espirito
09/04/2011 00:10:02 - Master[2000002]: @skillid Espirito
09/04/2011 00:10:05 - Master[2000002]: @skillid 111
09/04/2011 00:10:21 - Master[2000002]: @skillid
09/04/2011 00:10:25 - Master[2000002]: @skillid espirito
09/04/2011 00:10:28 - Master[2000002]: @skillid ferreiro
09/04/2011 00:10:50 - Master[2000002]: @skillid blacksmith
09/04/2011 00:11:29 - Master[2000002]: @killmonster2
09/04/2011 00:11:31 - Master[2000002]: @warp new_1-1 58 106
09/04/2011 00:13:46 - Master[2000002]: @useskill 458
09/04/2011 00:14:05 - Master[2000002]: @useskill 458 10 Master
09/04/2011 00:14:10 - Master[2000002]: @useskill 458 1 Master
09/04/2011 00:14:16 - Master[2000002]: @useskill 458 1 Master
09/04/2011 00:15:04 - Master[2000002]: @monster Atroce
09/04/2011 00:15:46 - Master[2000002]: @warp new_1-1 58 106
09/04/2011 00:17:19 - Master[2000002]: @warp new_1-1 58 106
09/04/2011 00:18:45 - Master[2000002]: @item 2528
09/04/2011 00:19:10 - Master[2000002]: @refine 5 +10
09/04/2011 00:20:12 - Master[2000002]: @item Carta_Raydric
09/04/2011 00:20:29 - Master[2000002]: @item Maré
09/04/2011 00:20:35 - Master[2000002]: @item 2424
09/04/2011 00:21:25 - Master[2000002]: @item Carta_Matry
09/04/2011 00:21:28 - Master[2000002]: @item Carta_Marty
09/04/2011 00:21:55 - Master[2000002]: @killmonster2
09/04/2011 00:24:19 - Master[2000002]: @monster 10866
09/04/2011 00:24:22 - Master[2000002]: @monster 1086
09/04/2011 00:27:41 - Master[2000002]: @item  4049
09/04/2011 00:27:42 - Master[2000002]: @item  4049
09/04/2011 00:27:54 - Master[2000002]: #Heal Douglas
09/04/2011 00:28:24 - Master[2000002]: @item 4063
09/04/2011 00:28:26 - Master[2000002]: @item 4063
09/04/2011 00:28:41 - Master[2000002]: @item 1505
09/04/2011 00:31:12 - Master[2000002]: @refine 2 +10
09/04/2011 00:31:51 - Master[2000002]: @monster 1115
09/04/2011 00:32:22 - Master[2000002]: @warp new_1-1 58 106
09/04/2011 00:33:08 - Douglas[2000003]: @repairall
09/04/2011 00:33:57 - Master[2000002]: @warp new_1-1 58 106
09/04/2011 00:34:19 - Master[2000002]: @warp new_1-1 58 106
09/04/2011 00:36:17 - Master[2000002]: @item Carta_Flora 2
09/04/2011 00:36:30 - Master[2000002]: @item Carta_Dranliniar
09/04/2011 00:36:33 - Master[2000002]: @item Carta_Dranliniar
09/04/2011 00:36:35 - Douglas[2000003]: @repairall
09/04/2011 00:36:37 - Master[2000002]: @item Carta_Drainliar
09/04/2011 00:36:39 - Master[2000002]: @item Carta_Drainliar
09/04/2011 00:38:03 - Master[2000002]: @item 1505
09/04/2011 00:38:30 - Master[2000002]: @monster 1252
09/04/2011 00:38:42 - Master[2000002]: @warp new_1-1 58 106
09/04/2011 00:39:02 - Master[2000002]: @warp new_1-1 58 106
09/04/2011 00:41:16 - Game Master[2000002]: @monster 1252
09/04/2011 00:45:35 - Master[2000002]: @item 1885
09/04/2011 00:45:38 - Master[2000002]: @item 18885
09/04/2011 00:45:48 - Master[2000002]: @monster 1885
09/04/2011 00:48:29 - Game Master[2000002]: @warp new_1-1 58 106
09/04/2011 00:48:35 - Game Master[2000002]: @warp new_1-1 58 106
09/04/2011 00:48:41 - Game Master[2000002]: @warp new_1-1 58 106
09/04/2011 00:49:13 - Game Master[2000002]: @warp new_1-1 58 106
09/04/2011 00:50:15 - Game Master[2000002]: @monster 1115
09/04/2011 00:51:20 - Game Master[2000002]: @warp new_1-1 58 106
09/04/2011 00:53:34 - Douglas Aspd190[2000003]: @job
09/04/2011 00:53:47 - Douglas Aspd190[2000003]: @job 4012
09/04/2011 00:53:54 - Douglas Aspd190[2000003]: @lvup 99
09/04/2011 00:54:00 - Douglas Aspd190[2000003]: @joblvup 99
09/04/2011 00:58:07 - Game Master[2000002]: @monster 1115
09/04/2011 00:58:14 - Game Master[2000002]: @warp new_1-1 58 106
09/04/2011 00:59:41 - Douglas Aspd190[2000003]: @job
09/04/2011 00:59:51 - Game Master[2000002]: @warp new_1-1 58 106
09/04/2011 00:59:56 - Douglas Aspd190[2000003]: @job 4041
09/04/2011 00:59:59 - Game Master[2000002]: @killmonster
09/04/2011 01:00:06 - Douglas Aspd190[2000003]: @job 4112
09/04/2011 01:00:14 - Douglas Aspd190[2000003]: @job 4002
09/04/2011 01:00:27 - Douglas Aspd190[2000003]: @job 4012
09/04/2011 01:02:40 - Carlinhus.[2000004]: @jlvl 99
09/04/2011 01:02:56 - Game Master[2000002]: @monster 1252
09/04/2011 01:03:19 - Carlinhus.[2000004]: @job
09/04/2011 01:03:31 - Carlinhus.[2000004]: @job 4019
09/04/2011 01:03:39 - Carlinhus.[2000004]: @jlvl 99
09/04/2011 01:03:42 - Game Master[2000002]: @warp new_1-1 58 106
09/04/2011 01:03:43 - Carlinhus.[2000004]: @blvl 99
09/04/2011 01:04:22 - Carlinhus.[2000004]: @item carta_belzebub
09/04/2011 01:04:28 - Carlinhus.[2000004]: @item carta_belzebu
09/04/2011 01:04:29 - Carlinhus.[2000004]: @item carta_belzebu
09/04/2011 01:04:41 - Carlinhus.[2000004]: @item carta_kiel d-01
09/04/2011 01:05:26 - Carlinhus.[2000004]: @item carta_kiel-d-01
09/04/2011 01:05:29 - Carlinhus.[2000004]: @item carta_kiel-d-01
09/04/2011 01:07:58 - Carlinhus.[2000004]: @item 2541
09/04/2011 01:08:37 - Douglas Aspd190[2000003]: @zeny 8000000
09/04/2011 01:08:55 - Carlinhus.[2000004]: @item 13414
09/04/2011 01:10:02 - Carlinhus.[2000004]: @item 5191
09/04/2011 01:10:54 - Douglas Aspd190[2000003]: @joblvup 70
09/04/2011 01:11:00 - Douglas Aspd190[2000003]: @joblvup 70
09/04/2011 01:11:06 - Douglas Aspd190[2000003]: @joblvup 0
09/04/2011 01:11:13 - Douglas Aspd190[2000003]: @joblvup 10
09/04/2011 01:11:36 - Carlinhus.[2000004]: @item 5165]
09/04/2011 01:12:54 - Carlinhus.[2000004]: @item 2202
09/04/2011 01:13:33 - Master[2000002]: @reloadpcdb
09/04/2011 01:13:36 - Douglas Aspd190[2000003]: @allskill
09/04/2011 01:13:45 - Carlinhus.[2000004]: @item 5463
09/04/2011 01:14:38 - Carlinhus.[2000004]: @item 2374
09/04/2011 01:14:42 - Master[2000002]: @reloadpcdb
09/04/2011 01:14:46 - Carlinhus.[2000004]: @item carta_tao_gunka
09/04/2011 01:16:15 - Carlinhus.[2000004]: @item carta_tao_gunka
09/04/2011 01:16:18 - Carlinhus.[2000004]: @item 2357
09/04/2011 01:16:20 - Douglas Aspd190[2000003]: @item 1705
09/04/2011 01:17:11 - Carlinhus.[2000004]: @item 2115
09/04/2011 01:17:11 - Master[2000002]: @monster Iara
09/04/2011 01:17:15 - Carlinhus.[2000004]: @item carta_alice
09/04/2011 01:17:24 - Master[2000002]: @refine 2 +10
09/04/2011 01:17:29 - Master[2000002]: @monster Iara
09/04/2011 01:17:55 - Master[2000002]: @monster Iara
09/04/2011 01:18:17 - Master[2000002]: @monster Iara 
09/04/2011 01:18:33 - Carlinhus.[2000004]: @item 2410
09/04/2011 01:18:36 - Master[2000002]: @monster Iara 
09/04/2011 01:19:17 - Master[2000002]: @reloadscript
09/04/2011 01:19:17 - Carlinhus.[2000004]: @item 4018 2
09/04/2011 01:19:17 - Carlinhus.[2000004]: @item 4018
09/04/2011 01:19:17 - Carlinhus.[2000004]: @item 4018 2
09/04/2011 01:19:18 - Douglas Aspd190[2000003]: @item 4252
09/04/2011 01:19:33 - Douglas Aspd190[2000003]: @item 4234
09/04/2011 01:19:35 - Carlinhus.[2000004]: @item carta_golem
09/04/2011 01:19:44 - Douglas Aspd190[2000003]: @item 4297
09/04/2011 01:19:55 - Douglas Aspd190[2000003]: @item 4178
09/04/2011 01:20:01 - Master[2000002]: @monster Iara 
09/04/2011 01:20:07 - Douglas Aspd190[2000003]: @item 4199
09/04/2011 01:20:28 - Master[2000002]: @monster Iara 
09/04/2011 01:20:33 - Carlinhus.[2000004]: @item 2788 2
09/04/2011 01:20:48 - Carlinhus.[2000004]: @refine 0 10
09/04/2011 01:21:03 - Carlinhus.[2000004]: @item fruto_de_yggdrasil 30
09/04/2011 01:21:18 - Master[2000002]: @zeny 10000000
09/04/2011 01:21:19 - Carlinhus.[2000004]: @allskill
09/04/2011 01:21:31 - Carlinhus.[2000004]: @allskills
09/04/2011 01:22:18 - Carlinhus.[2000004]: @item 13989 20
09/04/2011 01:22:59 - Master[2000002]: @monster Iara 
09/04/2011 01:23:51 - Carlinhus.[2000004]: @item poção_de_revestimento 10
09/04/2011 01:24:08 - Carlinhus.[2000004]: @item frasco_de_revestimento 10
09/04/2011 01:24:11 - Douglas Aspd190[2000003]: @item 2440
09/04/2011 01:24:22 - Master[2000002]: @monster 1252
09/04/2011 01:24:41 - Master[2000002]: @monster 1252
09/04/2011 01:25:03 - Master[2000002]: @warp new_1-1 58 106
09/04/2011 01:25:25 - Master[2000002]: @monster 1115
09/04/2011 01:26:03 - Master[2000002]: @monster 1779
09/04/2011 01:26:05 - Master[2000002]: @warp new_1-1 58 106
09/04/2011 01:27:34 - Master[2000002]: @warp new_1-1 58 106
09/04/2011 01:27:44 - Carlinhus.[2000004]: @warp item fruto_de_yggdrasil
09/04/2011 01:27:51 - Carlinhus.[2000004]: @item fruto_de_yggdrasil
09/04/2011 01:27:52 - Game Master[2000002]: @warp new_1-1 58 106
09/04/2011 01:27:56 - Carlinhus.[2000004]: @item fruto_de_yggdrasil 30
09/04/2011 01:27:59 - Carlinhus.[2000004]: @item fruto_de_yggdrasil 30
09/04/2011 01:28:11 - Game Master[2000002]: @warp new_1-1 58 106
09/04/2011 01:28:13 - Carlinhus.[2000004]: @item 13989 20
09/04/2011 01:28:14 - Game Master[2000002]: @warp new_1-1 58 106
09/04/2011 01:28:15 - Game Master[2000002]: @warp new_1-1 58 106
09/04/2011 01:28:17 - Game Master[2000002]: @warp new_1-1 58 106
09/04/2011 01:28:19 - Game Master[2000002]: @warp new_1-1 58 106
09/04/2011 01:28:20 - Game Master[2000002]: @warp new_1-1 58 106
09/04/2011 01:28:22 - Game Master[2000002]: @warp new_1-1 58 106
09/04/2011 01:28:23 - Game Master[2000002]: @warp new_1-1 58 106
09/04/2011 01:28:24 - Game Master[2000002]: @warp new_1-1 58 106
09/04/2011 01:28:26 - Game Master[2000002]: @warp new_1-1 58 106
09/04/2011 01:28:27 - Game Master[2000002]: @warp new_1-1 58 106
09/04/2011 01:28:29 - Game Master[2000002]: @warp new_1-1 58 106
09/04/2011 01:28:30 - Game Master[2000002]: @warp new_1-1 58 106
09/04/2011 01:28:52 - Douglas Aspd190[2000003]: @streset
09/04/2011 01:30:13 - Douglas Aspd190[2000003]: @item 2625
09/04/2011 01:30:15 - Douglas Aspd190[2000003]: @item 2625
09/04/2011 01:30:21 - Master[2000002]: @monster 1779
09/04/2011 01:30:29 - Master[2000002]: @warp new_1-1 58 106
09/04/2011 01:31:10 - Douglas Aspd190[2000003]: @killmonster2
09/04/2011 01:32:41 - Douglas Aspd190[2000003]: @item 5481
09/04/2011 01:33:11 - Douglas Aspd190[2000003]: @item 5210
09/04/2011 01:34:31 - Douglas Aspd190[2000003]: @streset
09/04/2011 01:35:04 - Game Master[2000002]: @item 5506
09/04/2011 01:35:34 - Game Master[2000002]: @item Carta_Gato_de_Folha
09/04/2011 01:37:00 - Game Master[2000002]: @monster Iara
09/04/2011 01:37:28 - Game Master[2000002]: @monster Iara
09/04/2011 01:37:39 - Douglas Aspd190[2000003]: @item 5748
09/04/2011 01:39:52 - Game Master[2000002]: @monster Iara
09/04/2011 01:40:19 - Douglas Aspd190[2000003]: @item 4027
09/04/2011 01:42:03 - Douglas Aspd190[2000003]: @monster 1117
09/04/2011 01:42:16 - Douglas Aspd190[2000003]: @monster 1117
09/04/2011 01:46:49 - Douglas Aspd190[2000003]: @item 5377
09/04/2011 01:48:10 - Douglas Aspd190[2000003]: /lb oi amiguinhos ;D
09/04/2011 01:48:22 - Douglas Aspd190[2000003]: /lb kkkkkkkkk
09/04/2011 01:49:59 - Douglas Aspd190[2000003]: @refine 2 10
09/04/2011 01:56:52 - Douglas Aspd190[2000003]: @streset
09/04/2011 01:58:40 - Douglas Aspd190[2000003]: @streset
09/04/2011 02:04:15 - Douglas Aspd190[2000003]: @monster 1117
09/04/2011 02:04:35 - Douglas Aspd190[2000003]: @monster 1117 5
09/04/2011 02:07:47 - Game Master[2000002]: @baselvl -1
09/04/2011 02:07:57 - Game Master[2000002]: @stpoint -1303
09/04/2011 02:08:05 - Game Master[2000002]: @baselvl -98
09/04/2011 02:08:08 - Game Master[2000002]: @baselvl +98
09/04/2011 02:09:25 - Game Master[2000002]: @monster Iara
09/04/2011 02:09:42 - Game Master[2000002]: @monster Iara
09/04/2011 02:09:54 - Game Master[2000002]: @monster Iara 
09/04/2011 02:12:05 - professor[2000002]: @job
09/04/2011 02:12:11 - professor[2000002]: @job 4017
09/04/2011 02:13:04 - professor[2000002]: @allstat -99
09/04/2011 02:13:07 - professor[2000002]: @baselvl 99
09/04/2011 02:13:54 - professor[2000002]: @stpoint +100
09/04/2011 02:14:35 - professor[2000002]: @allskill
09/04/2011 02:17:24 - professor[2000002]: @item 2703
09/04/2011 02:17:26 - professor[2000002]: @item 2703
09/04/2011 02:17:29 - professor[2000002]: @item 2703 2
09/04/2011 02:17:40 - professor[2000002]: @item Carta_Imp 2
09/04/2011 02:17:51 - professor[2000002]: @item Carta_Siroma 2
09/04/2011 02:19:01 - professor[2000002]: @item 5379
09/04/2011 02:19:09 - professor[2000002]: @refine
09/04/2011 02:19:17 - professor[2000002]: @refine 256 +7
09/04/2011 02:19:32 - professor[2000002]: @item Carta_Gerente
09/04/2011 02:20:33 - professor[2000002]: @item 1572
09/04/2011 02:20:46 - professor[2000002]: @item Carta_Drops
09/04/2011 02:20:48 - professor[2000002]: @item Carta_Drops
09/04/2011 02:22:02 - professor[2000002]: @item 2131
09/04/2011 02:22:20 - professor[2000002]: @item Carta_Ursinho
09/04/2011 02:23:05 - professor[2000002]: @item 5325
09/04/2011 02:23:57 - professor[2000002]: @item 5362
09/04/2011 02:24:18 - professor[2000002]: @item 2528
09/04/2011 02:24:23 - professor[2000002]: @item Carta_raydric
09/04/2011 02:24:43 - professor[2000002]: @item 2424
09/04/2011 02:25:40 - professor[2000002]: @monster LES
09/04/2011 02:27:03 - professor[2000002]: @monster LES
09/04/2011 02:27:31 - professor[2000002]: @joblvl 70
09/04/2011 02:27:42 - professor[2000002]: @monster LES
09/04/2011 02:28:31 - professor[2000002]: @monster Necromance
09/04/2011 02:28:33 - professor[2000002]: @monster Necromancer
09/04/2011 02:28:40 - professor[2000002]: @warp new_1-1 58 106
09/04/2011 02:28:47 - professor[2000002]: @warp new_1-1 58 106
09/04/2011 02:28:48 - professor[2000002]: @warp new_1-1 58 106
09/04/2011 02:28:51 - professor[2000002]: @warp bra_dun02
09/04/2011 02:28:53 - professor[2000002]: @warp new_1-1 58 106
09/04/2011 02:29:14 - professor[2000002]: @warp new_1-1 58 106
09/04/2011 02:29:35 - professor[2000002]: @warp new_1-1 58 106
09/04/2011 02:35:14 - Menestrel[2000005]: @job Menestrel
09/04/2011 02:35:20 - Menestrel[2000005]: @allskill
09/04/2011 02:36:01 - Menestrel[2000005]: @item 1901
09/04/2011 02:36:12 - Menestrel[2000005]: @baselvl 99
09/04/2011 02:36:15 - Menestrel[2000005]: @joblvl 70
09/04/2011 02:36:51 - professor[2000002]: @monster Necromancer
09/04/2011 02:37:13 - professor[2000002]: @monster Necromancer
09/04/2011 02:37:14 - professor[2000002]: @monster Necromancer
09/04/2011 02:37:22 - professor[2000002]: @warp new_1-1 58 106
09/04/2011 02:37:43 - professor[2000002]: @warp new_1-1 58 106
09/04/2011 02:37:51 - Menestrel[2000005]: @warp new_1-1 58 106
09/04/2011 02:38:11 - Menestrel[2000005]: @warp new_1-1 58 106
09/04/2011 02:38:28 - Menestrel[2000005]: @allstat -5
09/04/2011 02:38:35 - Menestrel[2000005]: @stpoint +100
09/04/2011 02:39:52 - professor[2000002]: @monster Necromancer
09/04/2011 02:40:32 - professor[2000002]: @monster Necromancer
09/04/2011 02:40:42 - professor[2000002]: @warp new_1-1 58 106
09/04/2011 02:40:45 - professor[2000002]: @warp bra_dun02
09/04/2011 02:40:47 - professor[2000002]: @warp new_1-1 58 106
09/04/2011 02:41:09 - professor[2000002]: @warp new_1-1 58 106
09/04/2011 02:41:14 - Menestrel[2000005]: @warp new_1-1 58 106
09/04/2011 02:42:15 - professor[2000002]: @refine
09/04/2011 02:42:26 - professor[2000002]: @refine 4 +7
09/04/2011 02:42:34 - professor[2000002]: @refine 64 +7
09/04/2011 02:43:45 - professor[2000002]: @monster Necromancer
09/04/2011 02:45:06 - professor[2000002]: @item
09/04/2011 02:45:40 - professor[2000002]: @item 4252
09/04/2011 02:45:50 - professor[2000002]: @item 4234
09/04/2011 02:45:56 - professor[2000002]: @item 4297
09/04/2011 02:46:04 - professor[2000002]: @item 4178
09/04/2011 02:46:09 - professor[2000002]: @item 4391
09/04/2011 02:46:15 - professor[2000002]: @item 4381
09/04/2011 02:47:19 - Menestrel[2000005]: @item 2424
09/04/2011 02:47:33 - Menestrel[2000005]: @item 2528
09/04/2011 02:51:12 - Douglas Aspd190[2000003]: @kill
09/04/2011 02:51:30 - Douglas Aspd190[2000003]: @kill Douglas Aspd190
09/04/2011 02:55:42 - Douglas Aspd190[2000003]: @monster 2068
09/04/2011 02:55:54 - professor[2000002]: @warp new_1-1 58 106
09/04/2011 02:56:12 - Menestrel[2000005]: @warp new_1-1 58 106
09/04/2011 02:56:42 - professor[2000002]: @warp bra_dun02
09/04/2011 02:56:43 - professor[2000002]: @warp new_1-1 58 106
09/04/2011 02:56:52 - Menestrel[2000005]: @warp new_1-1 58 106
09/04/2011 02:57:45 - professor[2000002]: @warp new_1-1 58 106
09/04/2011 02:58:02 - professor[2000002]: @warp new_1-1 58 106
09/04/2011 02:58:05 - Menestrel[2000005]: @warp new_1-1 58 106
09/04/2011 02:58:08 - Menestrel[2000005]: @warp new_1-1 58 106
09/04/2011 02:58:10 - Menestrel[2000005]: @warp bra_dun02
09/04/2011 02:58:11 - professor[2000002]: @warp new_1-1 58 106
09/04/2011 02:58:19 - Menestrel[2000005]: @warp new_1-1 58 106
09/04/2011 02:58:31 - professor[2000002]: @warp new_1-1 58 106
09/04/2011 02:58:34 - Menestrel[2000005]: @warp new_1-1 58 106
09/04/2011 02:58:58 - professor[2000002]: @warp new_1-1 58 106
09/04/2011 02:59:39 - Menestrel[2000005]: @warp new_1-1 58 106
09/04/2011 03:00:00 - professor[2000002]: @warp new_1-1 58 106
09/04/2011 03:01:01 - Douglas Aspd190[2000003]: @warp new_1-1
09/04/2011 03:01:02 - Douglas Aspd190[2000003]: @warp new_1-1
09/04/2011 03:01:04 - Douglas Aspd190[2000003]: @warp new_1-1
09/04/2011 03:01:05 - Douglas Aspd190[2000003]: @warp new_1-1
09/04/2011 03:01:06 - Douglas Aspd190[2000003]: @warp new_1-1
09/04/2011 03:01:07 - Douglas Aspd190[2000003]: @warp new_1-1
09/04/2011 03:01:08 - Douglas Aspd190[2000003]: @warp new_1-1
09/04/2011 03:01:09 - Douglas Aspd190[2000003]: @warp new_1-1
09/04/2011 03:01:10 - Douglas Aspd190[2000003]: @warp new_1-1
09/04/2011 03:01:11 - Douglas Aspd190[2000003]: @warp new_1-1
09/04/2011 03:01:12 - Douglas Aspd190[2000003]: @warp new_1-1
09/04/2011 03:01:13 - Douglas Aspd190[2000003]: @warp new_1-1
09/04/2011 03:01:15 - Douglas Aspd190[2000003]: @warp new_1-1
09/04/2011 03:01:16 - Douglas Aspd190[2000003]: @warp new_1-1
09/04/2011 03:01:17 - Douglas Aspd190[2000003]: @warp new_1-1
09/04/2011 03:01:18 - Douglas Aspd190[2000003]: @warp new_1-1
09/04/2011 03:01:19 - Douglas Aspd190[2000003]: @warp new_1-1
09/04/2011 03:01:20 - Douglas Aspd190[2000003]: @warp new_1-1
09/04/2011 03:01:21 - Douglas Aspd190[2000003]: @warp new_1-1
09/04/2011 03:01:22 - Douglas Aspd190[2000003]: @warp new_1-1
09/04/2011 03:01:23 - Douglas Aspd190[2000003]: @warp new_1-1
09/04/2011 03:01:24 - Douglas Aspd190[2000003]: @warp new_1-1
09/04/2011 03:01:25 - Douglas Aspd190[2000003]: @warp new_1-1
09/04/2011 03:01:26 - Douglas Aspd190[2000003]: @warp new_1-1
09/04/2011 03:01:28 - Douglas Aspd190[2000003]: @warp new_1-1
09/04/2011 03:01:29 - Douglas Aspd190[2000003]: @warp new_1-1
09/04/2011 03:01:31 - Douglas Aspd190[2000003]: @warp new_1-1
09/04/2011 03:01:32 - Douglas Aspd190[2000003]: @warp new_1-1
09/04/2011 03:01:34 - Douglas Aspd190[2000003]: @warp new_1-1
09/04/2011 03:01:35 - Douglas Aspd190[2000003]: @warp new_1-1
09/04/2011 03:01:36 - Douglas Aspd190[2000003]: @warp new_1-1
09/04/2011 03:01:38 - Douglas Aspd190[2000003]: @warp new_1-1
09/04/2011 03:01:39 - Douglas Aspd190[2000003]: @warp new_1-1
09/04/2011 03:01:40 - Douglas Aspd190[2000003]: @warp new_1-1
09/04/2011 03:01:41 - Douglas Aspd190[2000003]: @warp new_1-1
09/04/2011 03:01:42 - Douglas Aspd190[2000003]: @warp new_1-1
09/04/2011 03:01:44 - Douglas Aspd190[2000003]: @warp new_1-1
09/04/2011 03:01:45 - Douglas Aspd190[2000003]: @warp new_1-1
09/04/2011 03:01:46 - Douglas Aspd190[2000003]: @warp new_1-1
09/04/2011 03:01:48 - Douglas Aspd190[2000003]: @warp new_1-1
09/04/2011 03:01:49 - Douglas Aspd190[2000003]: @warp new_1-1
09/04/2011 03:01:52 - Douglas Aspd190[2000003]: @warp new_1-1
09/04/2011 03:01:53 - Douglas Aspd190[2000003]: @warp new_1-1
09/04/2011 03:01:57 - professor[2000002]: @warp new_1-1
09/04/2011 03:02:03 - professor[2000002]: @warp new_1-1 58 106
09/04/2011 03:02:25 - Douglas Aspd190[2000003]: @warp new_1-1 125 162
09/04/2011 03:03:11 - professor[2000002]: @warp new_1-1 58 106
09/04/2011 03:03:14 - professor[2000002]: @warp new_1-1 58 106
09/04/2011 03:03:16 - Menestrel[2000005]: @warp new_1-1 58 106
09/04/2011 03:03:20 - professor[2000002]: @warp new_1-1 58 106
09/04/2011 03:03:23 - professor[2000002]: @warp new_1-1 58 106
09/04/2011 03:03:34 - professor[2000002]: @warp new_1-1 58 106
09/04/2011 03:03:38 - professor[2000002]: @warp new_1-1 58 106
09/04/2011 03:03:39 - professor[2000002]: @warp new_1-1 58 106
09/04/2011 03:03:40 - professor[2000002]: @warp new_1-1 58 106
09/04/2011 03:03:41 - Menestrel[2000005]: @warp new_1-1 58 106
09/04/2011 03:03:45 - professor[2000002]: @warp new_1-1 58 106
09/04/2011 03:03:46 - professor[2000002]: @warp new_1-1 58 106
09/04/2011 03:03:48 - professor[2000002]: @warp new_1-1 58 106
09/04/2011 03:03:49 - professor[2000002]: @warp new_1-1 58 106
09/04/2011 03:03:51 - professor[2000002]: @warp new_1-1 58 106
09/04/2011 03:03:53 - professor[2000002]: @warp new_1-1 58 106
09/04/2011 03:03:55 - professor[2000002]: @warp new_1-1 58 106
09/04/2011 03:03:56 - professor[2000002]: @warp new_1-1 58 106
09/04/2011 03:03:57 - professor[2000002]: @warp new_1-1 58 106
09/04/2011 03:03:58 - professor[2000002]: @warp new_1-1 58 106
09/04/2011 03:03:59 - professor[2000002]: @warp new_1-1 58 106
09/04/2011 03:04:06 - professor[2000002]: @warp new_1-1 58 106
09/04/2011 03:04:12 - Menestrel[2000005]: @warp new_1-1 58 106
09/04/2011 03:07:27 - professor[2000002]: @monster necromancer
09/04/2011 03:07:50 - professor[2000002]: @warp new_1-1 58 106
09/04/2011 03:09:02 - Menestrel[2000005]: @warp new_1-1 58 106
09/04/2011 03:09:45 - professor[2000002]: @monster necromancer
09/04/2011 03:09:53 - professor[2000002]: @warp new_1-1 58 106
09/04/2011 03:09:56 - professor[2000002]: @warp new_1-1 58 106
09/04/2011 03:10:49 - professor[2000002]: @monster necromancer
09/04/2011 03:11:12 - professor[2000002]: @monster necromancer
09/04/2011 03:11:32 - professor[2000002]: @monster necromancer
09/04/2011 03:11:45 - professor[2000002]: @warp new_1-1 58 106
09/04/2011 03:11:51 - professor[2000002]: @warp new_1-1 58 106
09/04/2011 03:11:52 - professor[2000002]: @warp new_1-1 58 106
09/04/2011 03:14:25 - Menestrel[2000005]: @warp new_1-1 58 106
09/04/2011 03:15:13 - professor[2000002]: @monster necromancer
09/04/2011 03:15:55 - Douglas Aspd190[2000003]: @monster 1871
09/04/2011 03:16:02 - professor[2000002]: @warp new_1-1 58 106
09/04/2011 03:16:04 - professor[2000002]: @warp new_1-1 58 106
09/04/2011 03:16:06 - professor[2000002]: @warp new_1-1 58 106
09/04/2011 03:16:08 - professor[2000002]: @warp new_1-1 58 106
09/04/2011 03:16:10 - professor[2000002]: @warp new_1-1 58 106
09/04/2011 03:16:13 - professor[2000002]: @warp new_1-1 58 106
09/04/2011 03:16:14 - professor[2000002]: @warp new_1-1 58 106
09/04/2011 03:16:16 - professor[2000002]: @warp new_1-1 58 106
09/04/2011 03:16:18 - professor[2000002]: @warp new_1-1 58 106
09/04/2011 03:16:22 - professor[2000002]: @item Carta_bathory
09/04/2011 03:16:22 - professor[2000002]: @warp new_1-1 58 106
09/04/2011 03:16:24 - Douglas Aspd190[2000003]: @killmonster2
09/04/2011 03:16:24 - professor[2000002]: @warp new_1-1 58 106
09/04/2011 03:17:20 - Menestrel[2000005]: @warp new_1-1 58 106
09/04/2011 03:17:39 - Douglas Aspd190[2000003]: @monster 1147
09/04/2011 03:17:43 - professor[2000002]: @warp new_1-1 58 106
09/04/2011 03:17:55 - professor[2000002]: @warp new_1-1 58 106
09/04/2011 03:17:57 - professor[2000002]: @warp new_1-1 58 106
09/04/2011 03:17:59 - professor[2000002]: @warp new_1-1 58 106
09/04/2011 03:18:06 - Douglas Aspd190[2000003]: @killmonster2
09/04/2011 03:18:44 - Douglas Aspd190[2000003]: @monster 1917
09/04/2011 03:18:45 - Menestrel[2000005]: @warp new_1-1 58 106
09/04/2011 03:18:49 - Menestrel[2000005]: @warp new_1-1 58 106
09/04/2011 03:18:53 - Menestrel[2000005]: @warp new_1-1 58 106
09/04/2011 03:18:55 - Menestrel[2000005]: @warp new_1-1 58 106
09/04/2011 03:18:58 - Menestrel[2000005]: @warp new_1-1 58 106
09/04/2011 03:19:00 - Menestrel[2000005]: @warp new_1-1 58 106
09/04/2011 03:19:01 - Menestrel[2000005]: @warp new_1-1 58 106
09/04/2011 03:19:03 - Menestrel[2000005]: @warp new_1-1 58 106
09/04/2011 03:19:04 - Menestrel[2000005]: @warp new_1-1 58 106
09/04/2011 03:19:06 - Menestrel[2000005]: @warp new_1-1 58 106
09/04/2011 03:19:08 - Menestrel[2000005]: @warp new_1-1 58 106
09/04/2011 03:19:11 - Menestrel[2000005]: @warp new_1-1 58 106
09/04/2011 03:19:12 - Menestrel[2000005]: @warp new_1-1 58 106
09/04/2011 03:19:14 - Menestrel[2000005]: @warp new_1-1 58 106
09/04/2011 03:19:15 - Menestrel[2000005]: @warp new_1-1 58 106
09/04/2011 03:19:17 - Menestrel[2000005]: @warp new_1-1 58 106
09/04/2011 03:19:21 - professor[2000002]: @warp new_1-1 58 106
09/04/2011 03:19:22 - professor[2000002]: @warp new_1-1 58 106
09/04/2011 03:19:24 - professor[2000002]: @warp new_1-1 58 106
09/04/2011 03:19:25 - professor[2000002]: @warp new_1-1 58 106
09/04/2011 03:19:27 - professor[2000002]: @warp new_1-1 58 106
09/04/2011 03:19:31 - professor[2000002]: @warp bra_dun02
09/04/2011 03:19:33 - professor[2000002]: @warp new_1-1 58 106
09/04/2011 03:19:40 - professor[2000002]: @killmonster2
09/04/2011 03:19:49 - professor[2000002]: @alive
09/04/2011 03:20:14 - Menestrel[2000005]: @warp new_1-1 58 106
09/04/2011 03:20:55 - Douglas Aspd190[2000003]: @monster 1038
09/04/2011 03:21:01 - professor[2000002]: @warp new_1-1 58 106
09/04/2011 03:21:26 - professor[2000002]: @warp new_1-1 58 106
09/04/2011 03:21:43 - professor[2000002]: @warp new_1-1 58 106
09/04/2011 03:21:52 - professor[2000002]: @warp new_1-1 58 106
09/04/2011 03:21:53 - professor[2000002]: @warp new_1-1 58 106
09/04/2011 03:21:55 - professor[2000002]: @warp new_1-1 58 106
09/04/2011 03:21:59 - Menestrel[2000005]: @warp new_1-1 58 106
09/04/2011 03:23:07 - Douglas Aspd190[2000003]: @monster 1623
09/04/2011 03:23:32 - professor[2000002]: @warp new_1-1 58 106
09/04/2011 03:23:35 - professor[2000002]: @warp new_1-1 58 106
09/04/2011 03:23:36 - professor[2000002]: @warp new_1-1 58 106
09/04/2011 03:23:37 - professor[2000002]: @warp new_1-1 58 106
09/04/2011 03:23:38 - professor[2000002]: @warp new_1-1 58 106
09/04/2011 03:23:40 - professor[2000002]: @warp new_1-1 58 106
09/04/2011 03:23:43 - professor[2000002]: @warp new_1-1 58 106
09/04/2011 03:23:45 - professor[2000002]: @warp new_1-1 58 106
09/04/2011 03:23:46 - Menestrel[2000005]: @warp new_1-1 58 106
09/04/2011 03:24:03 - professor[2000002]: @warp new_1-1 58 106
09/04/2011 03:24:19 - professor[2000002]: @warp new_1-1 58 106
09/04/2011 03:24:24 - professor[2000002]: @warp new_1-1 58 106
09/04/2011 03:24:25 - professor[2000002]: @warp new_1-1 58 106
09/04/2011 03:25:15 - Menestrel[2000005]: @warp new_1-1 58 106
09/04/2011 03:25:21 - professor[2000002]: @warp new_1-1 58 106
09/04/2011 03:25:25 - professor[2000002]: @warp new_1-1 58 106
09/04/2011 03:25:26 - professor[2000002]: @warp new_1-1 58 106
09/04/2011 03:25:27 - professor[2000002]: @warp new_1-1 58 106
09/04/2011 03:25:29 - professor[2000002]: @warp new_1-1 58 106
09/04/2011 03:25:30 - professor[2000002]: @warp new_1-1 58 106
09/04/2011 03:25:31 - professor[2000002]: @warp new_1-1 58 106
09/04/2011 03:25:36 - Menestrel[2000005]: @warp new_1-1 58 106
09/04/2011 03:26:46 - Douglas x1[2000003]: @killmonster2
09/04/2011 03:28:15 - professor[2000002]: @item Gema_Azul 200
09/04/2011 03:28:26 - Douglas x1[2000003]: @monster 1492
09/04/2011 03:28:30 - professor[2000002]: @item Gema_Amarela  200
09/04/2011 03:28:34 - professor[2000002]: @warp new_1-1 58 106
09/04/2011 03:28:36 - professor[2000002]: @warp bra_dun02
09/04/2011 03:28:38 - professor[2000002]: @warp new_1-1 58 106
09/04/2011 03:28:41 - Menestrel[2000005]: @warp new_1-1 58 106
09/04/2011 03:28:46 - Douglas x1[2000003]: @killmonster2
09/04/2011 03:29:14 - Douglas x1[2000003]: @monster 1190
09/04/2011 03:29:26 - Menestrel[2000005]: @warp new_1-1 58 106
09/04/2011 03:30:03 - professor[2000002]: @warp new_1-1 58 106
09/04/2011 03:30:30 - Douglas x1[2000003]: /lb vem pow mata
09/04/2011 03:34:39 - professor[2000002]: @monster Orc_Azul
09/04/2011 03:34:43 - professor[2000002]: @monster Orc_azul
09/04/2011 03:35:20 - Douglas Aspd190[2000003]: @streset
09/04/2011 03:47:28 - professor[2000002]: @warp prontera 165 60
09/04/2011 03:50:08 - professor[2000002]: @item 2322
09/04/2011 03:50:17 - professor[2000002]: @zeny 100000000
09/04/2011 03:50:52 - professor[2000002]: @item 2322
09/04/2011 03:51:23 - professor[2000002]: @item 2322
09/04/2011 03:51:51 - professor[2000002]: @item 2322 5
09/04/2011 03:54:08 - professor[2000002]: @item 2322 
09/04/2011 03:54:36 - professor[2000002]: @item 2322 
09/04/2011 03:55:23 - professor[2000002]: @item 2322 
09/04/2011 03:55:47 - professor[2000002]: @item 2322 
09/08/2011 00:04:18 - Douglas Criador[2000002]: @lvup 99
09/08/2011 00:04:47 - Douglas Criador[2000002]: @joblvup 70
09/08/2011 00:06:24 - Douglas Criador[2000002]: @job
09/08/2011 00:06:41 - Douglas Criador[2000002]: @job 4019
09/08/2011 00:07:45 - Professor[2000003]: @reloadscript
09/08/2011 00:08:03 - Douglas Criador[2000002]: @joblvup 70
09/08/2011 00:09:35 - Professor[2000003]: @reloadatcommand
09/08/2011 00:09:50 - Professor[2000003]: @reloadscript 
09/08/2011 00:26:59 - Professor[2000003]: #go Clown 17
