
03-09-2011 16:57:11: The char-server starting...
03-09-2011 16:57:11: Characters file not found: save/athena.txt.
03-09-2011 16:57:11: Id for the next created character: 150000.
03-09-2011 16:57:11: The char-server is ready (Server is listening on the port 6121).
03-09-2011 16:57:13: WARNING: Server cannot save characters.

03-09-2011 16:57:39: The char-server starting...
03-09-2011 16:57:39: mmo_char_init: No character found in save/athena.txt.
03-09-2011 16:57:39: Id for the next created character: 150000.
03-09-2011 16:57:39: The char-server is ready (Server is listening on the port 6121).
03-09-2011 16:57:47: Map-Server 0 connected: 760 maps, from IP 192.168.1.2 port 5121. Map-server 0 loading complete.

03-09-2011 17:00:11: The char-server starting...
03-09-2011 17:00:11: mmo_char_init: No character found in save/athena.txt.
03-09-2011 17:00:11: Id for the next created character: 150000.
03-09-2011 17:00:11: The char-server is ready (Server is listening on the port 6121).
03-09-2011 17:00:17: Map-Server 0 connected: 760 maps, from IP 192.168.1.2 port 5121. Map-server 0 loading complete.
03-09-2011 17:01:31: make new char: account: 2000002, slot 0, name: Game Master, stats: 1/9/1/9/9/1, hair: 8, hair color: 0.
03-09-2011 17:01:32: Character Selected, Account ID: 2000002, Character Slot: 0, Character Name: Game Master.

03-09-2011 17:26:26: The char-server starting...
03-09-2011 17:26:26: mmo_char_init: 1 character read in save/athena.txt.
03-09-2011 17:26:26: Id for the next created character: 150001.
03-09-2011 17:26:26: The char-server is ready (Server is listening on the port 6121).
03-09-2011 17:26:35: Map-Server 0 connected: 760 maps, from IP 192.168.1.2 port 5121. Map-server 0 loading complete.
03-09-2011 17:30:30: Character Selected, Account ID: 2000002, Character Slot: 0, Character Name: Game Master.
03-09-2011 17:44:04: Map-Server 0 connected: 760 maps, from IP 192.168.1.2 port 5121. Map-server 0 loading complete.

03-09-2011 17:44:33: The char-server starting...
03-09-2011 17:44:33: mmo_char_init: 1 character read in save/athena.txt.
03-09-2011 17:44:33: Id for the next created character: 150001.
03-09-2011 17:44:33: The char-server is ready (Server is listening on the port 6121).
03-09-2011 17:44:39: Character Selected, Account ID: 2000002, Character Slot: 0, Character Name: Game Master.
03-09-2011 17:44:43: Character Selected, Account ID: 2000002, Character Slot: 0, Character Name: Game Master.
03-09-2011 17:44:45: Map-Server 0 connected: 760 maps, from IP 192.168.1.2 port 5121. Map-server 0 loading complete.
03-09-2011 17:44:58: Character Selected, Account ID: 2000002, Character Slot: 0, Character Name: Game Master.
03-09-2011 17:51:54: Map-Server 0 connected: 760 maps, from IP 192.168.1.2 port 5121. Map-server 0 loading complete.

03-09-2011 17:52:07: The char-server starting...
03-09-2011 17:52:07: mmo_char_init: 1 character read in save/athena.txt.
03-09-2011 17:52:07: Id for the next created character: 150001.
03-09-2011 17:52:07: The char-server is ready (Server is listening on the port 6121).
03-09-2011 17:52:18: Map-Server 0 connected: 760 maps, from IP 192.168.1.2 port 5121. Map-server 0 loading complete.
03-09-2011 17:52:30: Character Selected, Account ID: 2000002, Character Slot: 0, Character Name: Game Master.
03-09-2011 18:00:56: Map-Server 0 connected: 760 maps, from IP 192.168.1.2 port 5121. Map-server 0 loading complete.
03-09-2011 18:00:58: Character Selected, Account ID: 2000002, Character Slot: 0, Character Name: Game Master.
03-09-2011 18:28:05: Map-Server 0 connected: 760 maps, from IP 192.168.1.2 port 5121. Map-server 0 loading complete.
03-09-2011 18:28:44: Character Selected, Account ID: 2000002, Character Slot: 0, Character Name: Game Master.
03-09-2011 18:43:43: Character Selected, Account ID: 2000002, Character Slot: 0, Character Name: Game Master.
03-09-2011 19:04:26: make new char: account: 2000002, slot 1, name: Master, stats: 9/1/1/1/9/9, hair: 8, hair color: 0.
03-09-2011 19:04:27: Character Selected, Account ID: 2000002, Character Slot: 1, Character Name: Master.

03-09-2011 19:11:22: The char-server starting...
03-09-2011 19:11:22: mmo_char_init: 2 characters read in save/athena.txt.
03-09-2011 19:11:22: Id for the next created character: 150002.
03-09-2011 19:11:22: The char-server is ready (Server is listening on the port 6121).
03-09-2011 19:11:33: Character Selected, Account ID: 2000002, Character Slot: 1, Character Name: Master.
03-09-2011 19:11:37: Character Selected, Account ID: 2000002, Character Slot: 1, Character Name: Master.
03-09-2011 19:11:39: Map-Server 0 connected: 760 maps, from IP 192.168.1.2 port 5121. Map-server 0 loading complete.
03-09-2011 19:11:40: Character Selected, Account ID: 2000002, Character Slot: 1, Character Name: Master.
03-09-2011 19:12:48: Map-Server 0 connected: 760 maps, from IP 192.168.1.2 port 5121. Map-server 0 loading complete.
03-09-2011 19:33:46: Character Selected, Account ID: 2000002, Character Slot: 1, Character Name: Master.
03-09-2011 19:55:02: Character Selected, Account ID: 2000002, Character Slot: 0, Character Name: Game Master.

03-09-2011 20:07:17: The char-server starting...
03-09-2011 20:07:17: mmo_char_init: 2 characters read in save/athena.txt.
03-09-2011 20:07:17: Id for the next created character: 150002.
03-09-2011 20:07:17: The char-server is ready (Server is listening on the port 6121).
03-09-2011 20:07:28: Map-Server 0 connected: 760 maps, from IP 192.168.1.2 port 5121. Map-server 0 loading complete.
03-09-2011 20:07:39: Character Selected, Account ID: 2000002, Character Slot: 0, Character Name: Game Master.

03-09-2011 20:09:59: The char-server starting...
03-09-2011 20:09:59: mmo_char_init: 2 characters read in save/athena.txt.
03-09-2011 20:09:59: Id for the next created character: 150002.
03-09-2011 20:09:59: The char-server is ready (Server is listening on the port 6121).
03-09-2011 20:10:07: Map-Server 0 connected: 760 maps, from IP 192.168.1.2 port 5121. Map-server 0 loading complete.
03-09-2011 20:10:19: Character Selected, Account ID: 2000002, Character Slot: 0, Character Name: Game Master.

03-09-2011 20:15:06: The char-server starting...
03-09-2011 20:15:06: mmo_char_init: 2 characters read in save/athena.txt.
03-09-2011 20:15:06: Id for the next created character: 150002.
03-09-2011 20:15:06: The char-server is ready (Server is listening on the port 6121).
03-09-2011 20:15:15: Map-Server 0 connected: 760 maps, from IP 192.168.1.2 port 5121. Map-server 0 loading complete.
03-09-2011 20:15:17: Character Selected, Account ID: 2000002, Character Slot: 0, Character Name: Game Master.
03-09-2011 20:21:12: Map-Server 0 connected: 760 maps, from IP 192.168.1.2 port 5121. Map-server 0 loading complete.
03-09-2011 21:12:39: Character Selected, Account ID: 2000002, Character Slot: 0, Character Name: Game Master.

03-09-2011 21:13:58: The char-server starting...
03-09-2011 21:13:58: mmo_char_init: 2 characters read in save/athena.txt.
03-09-2011 21:13:58: Id for the next created character: 150002.

03-09-2011 21:14:12: The char-server starting...
03-09-2011 21:14:12: mmo_char_init: 2 characters read in save/athena.txt.
03-09-2011 21:14:12: Id for the next created character: 150002.
03-09-2011 21:14:12: The char-server is ready (Server is listening on the port 6121).
03-09-2011 21:14:24: Map-Server 0 connected: 760 maps, from IP 192.168.1.2 port 5121. Map-server 0 loading complete.
03-09-2011 21:20:57: Character Selected, Account ID: 2000002, Character Slot: 0, Character Name: Game Master.

03-09-2011 21:22:14: The char-server starting...
03-09-2011 21:22:14: mmo_char_init: 2 characters read in save/athena.txt.
03-09-2011 21:22:14: Id for the next created character: 150002.
03-09-2011 21:29:29: Map-Server 0 connected: 760 maps, from IP 192.168.1.2 port 5121. Map-server 0 loading complete.
03-09-2011 21:30:45: make new char: account: 2000003, slot 0, name: Douglas, stats: 5/5/5/5/5/5, hair: 1, hair color: 0.
03-09-2011 21:30:46: Character Selected, Account ID: 2000003, Character Slot: 0, Character Name: Douglas.
03-09-2011 21:54:59: Character Selected, Account ID: 2000002, Character Slot: 0, Character Name: Game Master.
03-09-2011 21:56:09: Character Selected, Account ID: 2000003, Character Slot: 0, Character Name: Douglas.

03-09-2011 21:56:19: The char-server starting...
03-09-2011 21:56:19: mmo_char_init: 3 characters read in save/athena.txt.
03-09-2011 21:56:19: Id for the next created character: 150003.
03-09-2011 21:56:19: The char-server is ready (Server is listening on the port 6121).
03-09-2011 21:56:25: Character Selected, Account ID: 2000003, Character Slot: 0, Character Name: Douglas.
03-09-2011 21:56:30: Character Selected, Account ID: 2000003, Character Slot: 0, Character Name: Douglas.
03-09-2011 21:56:32: Map-Server 0 connected: 760 maps, from IP 192.168.1.2 port 5121. Map-server 0 loading complete.
03-09-2011 21:56:33: Character Selected, Account ID: 2000002, Character Slot: 0, Character Name: Game Master.
03-09-2011 21:57:14: Character Selected, Account ID: 2000003, Character Slot: 0, Character Name: Douglas.
03-09-2011 23:00:13: Character Selected, Account ID: 2000002, Character Slot: 1, Character Name: Master.
03-09-2011 23:05:30: Character Selected, Account ID: 2000003, Character Slot: 0, Character Name: Douglas.
03-09-2011 23:07:59: Character Selected, Account ID: 2000003, Character Slot: 0, Character Name: Douglas.
03-09-2011 23:09:00: Character Selected, Account ID: 2000003, Character Slot: 0, Character Name: Douglas.
03-09-2011 23:22:12: Character Selected, Account ID: 2000003, Character Slot: 0, Character Name: Douglas.
03-09-2011 23:26:46: Character Selected, Account ID: 2000003, Character Slot: 0, Character Name: Douglas.
03-09-2011 23:29:36: Character Selected, Account ID: 2000003, Character Slot: 0, Character Name: Douglas.
03-09-2011 23:32:26: Character Selected, Account ID: 2000003, Character Slot: 0, Character Name: Douglas.
04-09-2011 00:03:31: make new char: account: 2000003, slot 1, name: Douglas x1, stats: 5/5/5/5/5/5, hair: 1, hair color: 0.
04-09-2011 00:03:32: Character Selected, Account ID: 2000003, Character Slot: 1, Character Name: Douglas x1.
04-09-2011 00:05:43: Character Selected, Account ID: 2000002, Character Slot: 1, Character Name: Master.
04-09-2011 00:08:53: Character Selected, Account ID: 2000003, Character Slot: 1, Character Name: Douglas x1.
04-09-2011 00:12:29: Character Selected, Account ID: 2000003, Character Slot: 1, Character Name: Douglas x1.
04-09-2011 00:27:06: Character Selected, Account ID: 2000003, Character Slot: 0, Character Name: Douglas.
04-09-2011 00:30:34: Map-Server 0 connected: 760 maps, from IP 192.168.1.2 port 5121. Map-server 0 loading complete.
04-09-2011 00:30:44: Character Selected, Account ID: 2000003, Character Slot: 0, Character Name: Douglas.
04-09-2011 00:30:52: Character Selected, Account ID: 2000002, Character Slot: 1, Character Name: Master.
04-09-2011 00:32:11: Character Selected, Account ID: 2000003, Character Slot: 0, Character Name: Douglas.
04-09-2011 00:35:32: Character Selected, Account ID: 2000003, Character Slot: 0, Character Name: Douglas.
04-09-2011 00:39:07: Character Selected, Account ID: 2000002, Character Slot: 0, Character Name: Game Master.
04-09-2011 00:42:33: Character Selected, Account ID: 2000003, Character Slot: 1, Character Name: Douglas x1.
04-09-2011 00:44:06: Character Selected, Account ID: 2000002, Character Slot: 1, Character Name: Master.
04-09-2011 00:47:18: Character Selected, Account ID: 2000002, Character Slot: 0, Character Name: Game Master.

04-09-2011 00:52:13: The char-server starting...
04-09-2011 00:52:13: mmo_char_init: 4 characters read in save/athena.txt.
04-09-2011 00:52:13: Id for the next created character: 150004.
04-09-2011 00:52:13: The char-server is ready (Server is listening on the port 6121).
04-09-2011 00:52:20: Character Selected, Account ID: 2000003, Character Slot: 1, Character Name: Douglas x1.
04-09-2011 00:52:23: Map-Server 0 connected: 760 maps, from IP 192.168.1.2 port 5121. Map-server 0 loading complete.
04-09-2011 00:52:26: Character Selected, Account ID: 2000003, Character Slot: 1, Character Name: Douglas x1.
04-09-2011 00:53:05: Character Selected, Account ID: 2000002, Character Slot: 0, Character Name: Game Master.
04-09-2011 00:53:17: make new char: account: 2000003, slot 2, name: Douglas Aspd190, stats: 5/5/5/5/5/5, hair: 1, hair color: 0.
04-09-2011 00:53:18: Character Selected, Account ID: 2000003, Character Slot: 2, Character Name: Douglas Aspd190.
04-09-2011 00:58:12: make new char: account: 2000004, slot 1, name: Carlinhus., stats: 5/5/5/5/5/5, hair: 6, hair color: 0.
04-09-2011 00:58:13: Character Selected, Account ID: 2000004, Character Slot: 1, Character Name: Carlinhus..

04-09-2011 01:00:40: The char-server starting...
04-09-2011 01:00:40: mmo_char_init: 6 characters read in save/athena.txt.
04-09-2011 01:00:40: Id for the next created character: 150006.
04-09-2011 01:00:40: The char-server is ready (Server is listening on the port 6121).
04-09-2011 01:00:46: Character Selected, Account ID: 2000003, Character Slot: 2, Character Name: Douglas Aspd190.
04-09-2011 01:00:50: Character Selected, Account ID: 2000003, Character Slot: 2, Character Name: Douglas Aspd190.
04-09-2011 01:00:52: Map-Server 0 connected: 760 maps, from IP 192.168.1.2 port 5121. Map-server 0 loading complete.
04-09-2011 01:00:55: Character Selected, Account ID: 2000003, Character Slot: 2, Character Name: Douglas Aspd190.
04-09-2011 01:01:01: Character Selected, Account ID: 2000002, Character Slot: 0, Character Name: Game Master.
04-09-2011 01:02:35: Character Selected, Account ID: 2000004, Character Slot: 1, Character Name: Carlinhus..
04-09-2011 01:06:22: Character Selected, Account ID: 2000002, Character Slot: 1, Character Name: Master.

04-09-2011 01:11:06: The char-server starting...
04-09-2011 01:11:06: mmo_char_init: 6 characters read in save/athena.txt.
04-09-2011 01:11:06: Id for the next created character: 150006.
04-09-2011 01:11:06: The char-server is ready (Server is listening on the port 6121).
04-09-2011 01:11:12: Map-Server 0 connected: 760 maps, from IP 192.168.1.2 port 5121. Map-server 0 loading complete.

04-09-2011 01:11:20: The char-server starting...
04-09-2011 01:11:20: mmo_char_init: 6 characters read in save/athena.txt.
04-09-2011 01:11:20: Id for the next created character: 150006.
04-09-2011 01:11:20: The char-server is ready (Server is listening on the port 6121).
04-09-2011 01:11:21: Map-Server 0 connected: 760 maps, from IP 192.168.1.2 port 5121. Map-server 0 loading complete.

04-09-2011 01:12:14: The char-server starting...
04-09-2011 01:12:14: mmo_char_init: 6 characters read in save/athena.txt.
04-09-2011 01:12:14: Id for the next created character: 150006.
04-09-2011 01:12:14: The char-server is ready (Server is listening on the port 6121).
04-09-2011 01:12:22: Map-Server 0 connected: 760 maps, from IP 192.168.1.2 port 5121. Map-server 0 loading complete.

04-09-2011 01:15:30: The char-server starting...
04-09-2011 01:15:30: mmo_char_init: 6 characters read in save/athena.txt.
04-09-2011 01:15:30: Id for the next created character: 150006.
04-09-2011 01:15:30: The char-server is ready (Server is listening on the port 6121).
04-09-2011 01:15:32: Map-Server 0 connected: 760 maps, from IP 192.168.1.2 port 5121. Map-server 0 loading complete.
04-09-2011 01:27:45: Character Selected, Account ID: 2000002, Character Slot: 0, Character Name: Game Master.
04-09-2011 01:28:34: Character Selected, Account ID: 2000002, Character Slot: 1, Character Name: Master.

04-09-2011 01:29:18: The char-server starting...
04-09-2011 01:29:18: mmo_char_init: 6 characters read in save/athena.txt.
04-09-2011 01:29:18: Id for the next created character: 150006.
04-09-2011 01:29:18: The char-server is ready (Server is listening on the port 6121).
04-09-2011 01:29:22: Character Selected, Account ID: 2000003, Character Slot: 2, Character Name: Douglas Aspd190.
04-09-2011 01:29:28: Character Selected, Account ID: 2000003, Character Slot: 2, Character Name: Douglas Aspd190.
04-09-2011 01:29:28: Map-Server 0 connected: 760 maps, from IP 192.168.1.2 port 5121. Map-server 0 loading complete.
04-09-2011 01:29:33: Character Selected, Account ID: 2000003, Character Slot: 2, Character Name: Douglas Aspd190.
04-09-2011 01:29:44: Character Selected, Account ID: 2000002, Character Slot: 1, Character Name: Master.
04-09-2011 01:30:59: Character Selected, Account ID: 2000002, Character Slot: 0, Character Name: Game Master.
04-09-2011 02:11:55: make new char: account: 2000002, slot 2, name: professor, stats: 1/2/1/9/9/8, hair: 8, hair color: 0.
04-09-2011 02:11:56: Character Selected, Account ID: 2000002, Character Slot: 2, Character Name: professor.

04-09-2011 02:30:45: The char-server starting...
04-09-2011 02:30:45: mmo_char_init: 7 characters read in save/athena.txt.
04-09-2011 02:30:45: Id for the next created character: 150007.
04-09-2011 02:30:45: The char-server is ready (Server is listening on the port 6121).
04-09-2011 02:31:01: Map-Server 0 connected: 760 maps, from IP 192.168.1.2 port 5121. Map-server 0 loading complete.
04-09-2011 02:31:20: Character Selected, Account ID: 2000002, Character Slot: 2, Character Name: professor.
04-09-2011 02:31:25: Character Selected, Account ID: 2000003, Character Slot: 2, Character Name: Douglas Aspd190.

04-09-2011 02:32:15: The char-server starting...
04-09-2011 02:32:15: mmo_char_init: 7 characters read in save/athena.txt.
04-09-2011 02:32:15: Id for the next created character: 150007.
04-09-2011 02:32:15: The char-server is ready (Server is listening on the port 6121).
04-09-2011 02:32:22: Character Selected, Account ID: 2000003, Character Slot: 2, Character Name: Douglas Aspd190.
04-09-2011 02:32:27: Character Selected, Account ID: 2000003, Character Slot: 2, Character Name: Douglas Aspd190.
04-09-2011 02:32:30: Character Selected, Account ID: 2000002, Character Slot: 2, Character Name: professor.
04-09-2011 02:32:31: Character Selected, Account ID: 2000003, Character Slot: 2, Character Name: Douglas Aspd190.
04-09-2011 02:32:32: Map-Server 0 connected: 760 maps, from IP 192.168.1.2 port 5121. Map-server 0 loading complete.
04-09-2011 02:32:35: Character Selected, Account ID: 2000002, Character Slot: 2, Character Name: professor.
04-09-2011 02:32:37: Character Selected, Account ID: 2000003, Character Slot: 2, Character Name: Douglas Aspd190.

04-09-2011 02:34:18: The char-server starting...
04-09-2011 02:34:18: mmo_char_init: 7 characters read in save/athena.txt.
04-09-2011 02:34:18: Id for the next created character: 150007.
04-09-2011 02:34:18: The char-server is ready (Server is listening on the port 6121).
04-09-2011 02:34:34: Map-Server 0 connected: 760 maps, from IP 192.168.1.2 port 5121. Map-server 0 loading complete.
04-09-2011 02:34:44: Character Selected, Account ID: 2000003, Character Slot: 2, Character Name: Douglas Aspd190.
04-09-2011 02:34:58: Character Selected, Account ID: 2000002, Character Slot: 2, Character Name: professor.
04-09-2011 02:35:07: make new char: account: 2000005, slot 0, name: Menestrel, stats: 5/5/5/5/5/5, hair: 1, hair color: 0.
04-09-2011 02:35:08: Character Selected, Account ID: 2000005, Character Slot: 0, Character Name: Menestrel.
04-09-2011 03:25:18: Character Selected, Account ID: 2000003, Character Slot: 1, Character Name: Douglas x1.
04-09-2011 03:31:55: Character Selected, Account ID: 2000003, Character Slot: 2, Character Name: Douglas Aspd190.
04-09-2011 03:32:00: Character Selected, Account ID: 2000003, Character Slot: 2, Character Name: Douglas Aspd190.
04-09-2011 03:32:02: Character Selected, Account ID: 2000002, Character Slot: 2, Character Name: professor.
04-09-2011 03:32:05: Character Selected, Account ID: 2000003, Character Slot: 2, Character Name: Douglas Aspd190.
04-09-2011 03:32:08: Character Selected, Account ID: 2000002, Character Slot: 2, Character Name: professor.
04-09-2011 03:32:08: Character Selected, Account ID: 2000003, Character Slot: 2, Character Name: Douglas Aspd190.
04-09-2011 03:32:12: Character Selected, Account ID: 2000002, Character Slot: 2, Character Name: professor.
04-09-2011 03:32:12: Character Selected, Account ID: 2000003, Character Slot: 2, Character Name: Douglas Aspd190.
04-09-2011 03:32:16: Character Selected, Account ID: 2000003, Character Slot: 2, Character Name: Douglas Aspd190.
04-09-2011 03:32:17: Character Selected, Account ID: 2000005, Character Slot: 0, Character Name: Menestrel.
04-09-2011 03:32:21: Character Selected, Account ID: 2000003, Character Slot: 2, Character Name: Douglas Aspd190.
04-09-2011 03:32:21: Character Selected, Account ID: 2000002, Character Slot: 2, Character Name: professor.
04-09-2011 03:32:25: Character Selected, Account ID: 2000003, Character Slot: 2, Character Name: Douglas Aspd190.
04-09-2011 03:32:28: Character Selected, Account ID: 2000003, Character Slot: 2, Character Name: Douglas Aspd190.

04-09-2011 03:32:44: The char-server starting...
04-09-2011 03:32:44: mmo_char_init: 8 characters read in save/athena.txt.
04-09-2011 03:32:44: Id for the next created character: 150008.
04-09-2011 03:32:44: The char-server is ready (Server is listening on the port 6121).
04-09-2011 03:32:59: Character Selected, Account ID: 2000002, Character Slot: 2, Character Name: professor.
04-09-2011 03:33:02: Character Selected, Account ID: 2000002, Character Slot: 2, Character Name: professor.
04-09-2011 03:33:04: Map-Server 0 connected: 760 maps, from IP 192.168.1.2 port 5121. Map-server 0 loading complete.
04-09-2011 03:33:07: Character Selected, Account ID: 2000002, Character Slot: 2, Character Name: professor.
04-09-2011 03:33:22: Character Selected, Account ID: 2000005, Character Slot: 0, Character Name: Menestrel.
04-09-2011 03:33:32: Character Selected, Account ID: 2000003, Character Slot: 2, Character Name: Douglas Aspd190.
